
Showing logs for build [32mcb-kubecd-environment-pr-193-94-zt6hg-1[0m stage [32mfrom-build-pack[0m and container [32mstep-credential-initializer-97cfr[0m
{"level":"warn","ts":1586006291.8737483,"logger":"fallback-logger","caller":"logging/config.go:69","msg":"Fetch GitHub commit ID from kodata failed: \"ref: refs/heads/0.8.0-**-support-backwards-incompats\" is not a valid GitHub commit ID"}
{"level":"info","ts":1586006291.876724,"logger":"fallback-logger","caller":"creds-init/main.go:40","msg":"Credentials initialized."}

Showing logs for build [32mcb-kubecd-environment-pr-193-94-zt6hg-1[0m stage [32mfrom-build-pack[0m and container [32mstep-working-dir-initializer-774zh[0m
{"level":"warn","ts":1586006292.4840944,"logger":"fallback-logger","caller":"logging/config.go:69","msg":"Fetch GitHub commit ID from kodata failed: open /var/run/ko/HEAD: no such file or directory"}
{"level":"info","ts":1586006292.4875393,"logger":"fallback-logger","caller":"bash/main.go:64","msg":"Successfully executed command \"sh -c mkdir -p /workspace/source\"; output "}

Showing logs for build [32mcb-kubecd-environment-pr-193-94-zt6hg-1[0m stage [32mfrom-build-pack[0m and container [32mstep-place-tools[0m

Showing logs for build [32mcb-kubecd-environment-pr-193-94-zt6hg-1[0m stage [32mfrom-build-pack[0m and container [32mstep-git-source-cb-kubecd-environment-pr-193-94-zt6hg-lfmh8[0m
{"level":"warn","ts":1586006296.833138,"logger":"fallback-logger","caller":"logging/config.go:69","msg":"Fetch GitHub commit ID from kodata failed: \"ref: refs/heads/0.8.0-**-support-backwards-incompats\" is not a valid GitHub commit ID"}
{"level":"info","ts":1586006297.8988345,"logger":"fallback-logger","caller":"git/git.go:103","msg":"Successfully cloned https://github.com/cb-kubecd/environment-pr-193-94-boot-vault-gke-staging.git @ master in path /workspace/source"}

Showing logs for build [32mcb-kubecd-environment-pr-193-94-zt6hg-1[0m stage [32mfrom-build-pack[0m and container [32mstep-git-merge[0m
Using SHAs from PULL_REFS=master:cf882677d3774561fcc0c7d58d9f6196f1266860,3:75a835a1559c8045b13a280e23c3f39a51730d2f
DEBUG: LC_ALL=C JX_LOG_LEVEL=error git fetch origin --unshallow 75a835a1559c8045b13a280e23c3f39a51730d2f: cf882677d3774561fcc0c7d58d9f6196f1266860:
DEBUG: ran git fetch --unshallow origin 75a835a1559c8045b13a280e23c3f39a51730d2f: cf882677d3774561fcc0c7d58d9f6196f1266860: in 
DEBUG: LC_ALL=C JX_LOG_LEVEL=error git branch
DEBUG: JX_LOG_LEVEL=error LC_ALL=C git checkout master
DEBUG: ran git checkout master in 
DEBUG: JX_LOG_LEVEL=error LC_ALL=C git reset --hard cf882677d3774561fcc0c7d58d9f6196f1266860
DEBUG: ran git reset --hard cf882677d3774561fcc0c7d58d9f6196f1266860 in 
DEBUG: LC_ALL=C JX_LOG_LEVEL=error git clean -fd .
DEBUG: ran clean --force -d . in 
DEBUG: LC_ALL=C JX_LOG_LEVEL=error git merge 75a835a1559c8045b13a280e23c3f39a51730d2f
DEBUG: ran git merge 75a835a1559c8045b13a280e23c3f39a51730d2f in 
DEBUG: LC_ALL=C JX_LOG_LEVEL=error git log --format=%H%x1f%an%x1f%ae%x1f%cn%x1f%ce%x1f%s%n%b%x1e cf882677d3774561fcc0c7d58d9f6196f1266860..HEAD
Merged SHA 75a835a1559c8045b13a280e23c3f39a51730d2f with commit message 'chore: Promote bdd-gh-1586004939 to version 0.0.1' into base branch master

Showing logs for build [32mcb-kubecd-environment-pr-193-94-zt6hg-1[0m stage [32mfrom-build-pack[0m and container [32mstep-build-helm-build[0m
WARNING: No $CHART_REPOSITORY defined so using the default value of: http://jenkins-x-chartmuseum:8080
Adding missing Helm repo: storage.googleapis.com https://storage.googleapis.com/chartmuseum.jenkins-x.io
WARNING: No secrets found on "helm/repos" due: reading the secret "helm/repos" from vault: no secret "helm/repos" not found in vault
Read credentials for https://storage.googleapis.com/chartmuseum.jenkins-x.io from vault helm/repos
Successfully added Helm repository storage.googleapis.com.
Adding missing Helm repo: jenkins-x-chartmuseum http://jenkins-x-chartmuseum:8080
WARNING: No secrets found on "helm/repos" due: reading the secret "helm/repos" from vault: no secret "helm/repos" not found in vault
Read credentials for http://jenkins-x-chartmuseum:8080 from vault helm/repos
Successfully added Helm repository jenkins-x-chartmuseum.
WARNING: No $CHART_REPOSITORY defined so using the default value of: http://jenkins-x-chartmuseum:8080
Adding missing Helm repo: chartmuseum.jenkins-x.io http://chartmuseum.jenkins-x.io
WARNING: No secrets found on "helm/repos" due: reading the secret "helm/repos" from vault: no secret "helm/repos" not found in vault
Read credentials for http://chartmuseum.jenkins-x.io from vault helm/repos
Successfully added Helm repository chartmuseum.jenkins-x.io.
